[0.012s] Invoking command in '/workspace/src/chatter_interfaces/build/chatter_interfaces': CMAKE_PREFIX_PATH=/workspace/install/chatter_pkg:/opt/ros/humble /usr/bin/cmake /workspace/src/chatter_interfaces -DCMAKE_INSTALL_PREFIX=/workspace/src/chatter_interfaces/install/chatter_interfaces
[0.431s] -- The C compiler identification is GNU 11.4.0
[0.676s] -- The CXX compiler identification is GNU 11.4.0
[0.688s] -- Detecting C compiler ABI info
[0.765s] -- Detecting C compiler ABI info - done
[0.773s] -- Check for working C compiler: /usr/bin/cc - skipped
[0.773s] -- Detecting C compile features
[0.774s] -- Detecting C compile features - done
[0.778s] -- Detecting CXX compiler ABI info
[0.857s] -- Detecting CXX compiler ABI info - done
[0.865s] -- Check for working CXX compiler: /usr/bin/c++ - skipped
[0.865s] -- Detecting CXX compile features
[0.866s] -- Detecting CXX compile features - done
[0.891s] -- Found ament_cmake: 1.3.10 (/opt/ros/humble/share/ament_cmake/cmake)
[1.022s] -- Found Python3: /usr/bin/python3 (found version "3.10.12") found components: Interpreter 
[1.146s] -- Found rosidl_default_generators: 1.2.0 (/opt/ros/humble/share/rosidl_default_generators/cmake)
[1.154s] -- Using all available rosidl_typesupport_c: rosidl_typesupport_fastrtps_c;rosidl_typesupport_introspection_c
[1.165s] -- Found rosidl_adapter: 3.1.5 (/opt/ros/humble/share/rosidl_adapter/cmake)
[1.224s] -- Using all available rosidl_typesupport_cpp: rosidl_typesupport_fastrtps_cpp;rosidl_typesupport_introspection_cpp
[1.271s] [31mCMake Error at /opt/ros/humble/share/rosidl_cmake/cmake/rosidl_generate_interfaces.cmake:93 (message):
[1.271s]   rosidl_generate_interfaces() the passed file
[1.271s]   'msg/TrafficChatterMessage.msg' doesn't exist relative to the
[1.271s]   CMAKE_CURRENT_SOURCE_DIR '/workspace/src/chatter_interfaces'
[1.271s] Call Stack (most recent call first):
[1.271s]   CMakeLists.txt:16 (rosidl_generate_interfaces)
[1.271s] 
[1.271s] [0m
[1.271s] -- Configuring incomplete, errors occurred!
[1.272s] See also "/workspace/src/chatter_interfaces/build/chatter_interfaces/CMakeFiles/CMakeOutput.log".
[1.276s] Invoked command in '/workspace/src/chatter_interfaces/build/chatter_interfaces' returned '1': CMAKE_PREFIX_PATH=/workspace/install/chatter_pkg:/opt/ros/humble /usr/bin/cmake /workspace/src/chatter_interfaces -DCMAKE_INSTALL_PREFIX=/workspace/src/chatter_interfaces/install/chatter_interfaces
