-- Found ament_cmake: 1.3.10 (/opt/ros/humble/share/ament_cmake/cmake)
-- Found rosidl_default_generators: 1.2.0 (/opt/ros/humble/share/rosidl_default_generators/cmake)
-- Using all available rosidl_typesupport_c: rosidl_typesupport_fastrtps_c;rosidl_typesupport_introspection_c
-- Found rosidl_adapter: 3.1.5 (/opt/ros/humble/share/rosidl_adapter/cmake)
-- Using all available rosidl_typesupport_cpp: rosidl_typesupport_fastrtps_cpp;rosidl_typesupport_introspection_cpp
-- Found ament_cmake_ros: 0.10.0 (/opt/ros/humble/share/ament_cmake_ros/cmake)
-- Using all available rosidl_typesupport_c: rosidl_typesupport_fastrtps_c;rosidl_typesupport_introspection_c
-- Using all available rosidl_typesupport_cpp: rosidl_typesupport_fastrtps_cpp;rosidl_typesupport_introspection_cpp
-- Found PythonInterp: /usr/bin/python3 (found suitable version "3.10.12", minimum required is "3.6") 
-- Found python_cmake_module: 0.10.0 (/opt/ros/humble/share/python_cmake_module/cmake)
-- Found PythonLibs: /usr/lib/x86_64-linux-gnu/libpython3.10.so (found suitable version "3.10.12", minimum required is "3.5") 
-- Using PYTHON_EXECUTABLE: /usr/bin/python3
-- Using PYTHON_INCLUDE_DIRS: /usr/include/python3.10
-- Using PYTHON_LIBRARIES: /usr/lib/x86_64-linux-gnu/libpython3.10.so
-- Found PythonExtra: .so  
-- Found ament_lint_auto: 0.12.11 (/opt/ros/humble/share/ament_lint_auto/cmake)
-- Added test 'cppcheck' to perform static code analysis on C / C++ code
-- Configured cppcheck include dirs: $<BUILD_INTERFACE:/workspace/src/chatter_interfaces/build/chatter_interfaces/rosidl_generator_c>;$<BUILD_INTERFACE:/workspace/src/chatter_interfaces/build/chatter_interfaces/rosidl_typesupport_fastrtps_c>;$<BUILD_INTERFACE:/workspace/src/chatter_interfaces/build/chatter_interfaces/rosidl_typesupport_introspection_c>;$<BUILD_INTERFACE:/workspace/src/chatter_interfaces/build/chatter_interfaces/rosidl_generator_cpp>;$<BUILD_INTERFACE:/workspace/src/chatter_interfaces/build/chatter_interfaces/rosidl_typesupport_fastrtps_cpp>;$<BUILD_INTERFACE:/workspace/src/chatter_interfaces/build/chatter_interfaces/rosidl_typesupport_introspection_cpp>;/workspace/src/chatter_interfaces/build/chatter_interfaces/rosidl_generator_c;/workspace/src/chatter_interfaces/build/chatter_interfaces/rosidl_generator_py
-- Configured cppcheck exclude dirs and/or files: 
-- Added test 'flake8' to check Python code syntax and style conventions
-- Added test 'lint_cmake' to check CMake code style
-- Added test 'pep257' to check Python code against some of the docstring style conventions in PEP 257
-- Added test 'uncrustify' to check C / C++ code style
-- Configured uncrustify additional arguments: 
-- Added test 'xmllint' to check XML markup files
-- Configuring done
-- Generating done
-- Build files have been written to: /workspace/src/chatter_interfaces/build/chatter_interfaces
[  3%] [34m[1mGenerating C code for ROS interfaces[0m
[  6%] [34m[1mGenerating C++ code for ROS interfaces[0m
[  6%] Built target ament_cmake_python_copy_chatter_interfaces
running egg_info
creating chatter_interfaces.egg-info
writing chatter_interfaces.egg-info/PKG-INFO
writing dependency_links to chatter_interfaces.egg-info/dependency_links.txt
writing top-level names to chatter_interfaces.egg-info/top_level.txt
writing manifest file 'chatter_interfaces.egg-info/SOURCES.txt'
reading manifest file 'chatter_interfaces.egg-info/SOURCES.txt'
writing manifest file 'chatter_interfaces.egg-info/SOURCES.txt'
[  6%] Built target ament_cmake_python_build_chatter_interfaces_egg
[  6%] Built target chatter_interfaces__cpp
[ 16%] [34m[1mGenerating C++ type support for eProsima Fast-RTPS[0m
[ 16%] [34m[1mGenerating C++ introspection for ROS interfaces[0m
[ 16%] [34m[1mGenerating C++ type support dispatch for ROS interfaces[0m
[ 19%] [32mBuilding C object CMakeFiles/chatter_interfaces__rosidl_generator_c.dir/rosidl_generator_c/chatter_interfaces/msg/detail/traffic_chatter_message__functions.c.o[0m
[ 22%] [32m[1mLinking C shared library libchatter_interfaces__rosidl_generator_c.so[0m
[ 22%] Built target chatter_interfaces__rosidl_generator_c
[ 25%] [34m[1mGenerating C type support for eProsima Fast-RTPS[0m
[ 29%] [34m[1mGenerating C type support dispatch for ROS interfaces[0m
[ 32%] [34m[1mGenerating C introspection for ROS interfaces[0m
[ 35%] [32mBuilding CXX object CMakeFiles/chatter_interfaces__rosidl_typesupport_cpp.dir/rosidl_typesupport_cpp/chatter_interfaces/msg/traffic_chatter_message__type_support.cpp.o[0m
[ 38%] [32mBuilding CXX object CMakeFiles/chatter_interfaces__rosidl_typesupport_introspection_cpp.dir/rosidl_typesupport_introspection_cpp/chatter_interfaces/msg/detail/traffic_chatter_message__type_support.cpp.o[0m
[ 41%] [32mBuilding CXX object CMakeFiles/chatter_interfaces__rosidl_typesupport_fastrtps_cpp.dir/rosidl_typesupport_fastrtps_cpp/chatter_interfaces/msg/detail/dds_fastrtps/traffic_chatter_message__type_support.cpp.o[0m
[ 45%] [32mBuilding CXX object CMakeFiles/chatter_interfaces__rosidl_typesupport_c.dir/rosidl_typesupport_c/chatter_interfaces/msg/traffic_chatter_message__type_support.cpp.o[0m
[ 48%] [32m[1mLinking CXX shared library libchatter_interfaces__rosidl_typesupport_c.so[0m
[ 54%] [32mBuilding C object CMakeFiles/chatter_interfaces__rosidl_typesupport_introspection_c.dir/rosidl_typesupport_introspection_c/chatter_interfaces/msg/detail/traffic_chatter_message__type_support.c.o[0m
[ 54%] [32mBuilding CXX object CMakeFiles/chatter_interfaces__rosidl_typesupport_fastrtps_c.dir/rosidl_typesupport_fastrtps_c/chatter_interfaces/msg/detail/traffic_chatter_message__type_support_c.cpp.o[0m
[ 54%] Built target chatter_interfaces__rosidl_typesupport_c
[ 58%] [32m[1mLinking C shared library libchatter_interfaces__rosidl_typesupport_introspection_c.so[0m
[ 58%] Built target chatter_interfaces__rosidl_typesupport_introspection_c
[ 61%] [32m[1mLinking CXX shared library libchatter_interfaces__rosidl_typesupport_cpp.so[0m
[ 64%] [32m[1mLinking CXX shared library libchatter_interfaces__rosidl_typesupport_introspection_cpp.so[0m
[ 64%] Built target chatter_interfaces__rosidl_typesupport_cpp
[ 64%] Built target chatter_interfaces__rosidl_typesupport_introspection_cpp
[ 67%] [32m[1mLinking CXX shared library libchatter_interfaces__rosidl_typesupport_fastrtps_c.so[0m
[ 70%] [32m[1mLinking CXX shared library libchatter_interfaces__rosidl_typesupport_fastrtps_cpp.so[0m
[ 70%] Built target chatter_interfaces__rosidl_typesupport_fastrtps_c
[ 70%] Built target chatter_interfaces__rosidl_typesupport_fastrtps_cpp
[ 70%] Built target chatter_interfaces
[ 74%] [34m[1mGenerating Python code for ROS interfaces[0m
[ 74%] Built target chatter_interfaces__py
[ 77%] [32mBuilding C object CMakeFiles/chatter_interfaces__rosidl_generator_py.dir/rosidl_generator_py/chatter_interfaces/msg/_traffic_chatter_message_s.c.o[0m
[ 80%] [32m[1mLinking C shared library rosidl_generator_py/chatter_interfaces/libchatter_interfaces__rosidl_generator_py.so[0m
[ 80%] Built target chatter_interfaces__rosidl_generator_py
[ 90%] [32mBuilding C object CMakeFiles/chatter_interfaces__rosidl_typesupport_c__pyext.dir/rosidl_generator_py/chatter_interfaces/_chatter_interfaces_s.ep.rosidl_typesupport_c.c.o[0m
[ 90%] [32mBuilding C object CMakeFiles/chatter_interfaces__rosidl_typesupport_introspection_c__pyext.dir/rosidl_generator_py/chatter_interfaces/_chatter_interfaces_s.ep.rosidl_typesupport_introspection_c.c.o[0m
[ 90%] [32mBuilding C object CMakeFiles/chatter_interfaces__rosidl_typesupport_fastrtps_c__pyext.dir/rosidl_generator_py/chatter_interfaces/_chatter_interfaces_s.ep.rosidl_typesupport_fastrtps_c.c.o[0m
[ 96%] [32m[1mLinking C shared library rosidl_generator_py/chatter_interfaces/chatter_interfaces_s__rosidl_typesupport_introspection_c.cpython-310-x86_64-linux-gnu.so[0m
[ 96%] [32m[1mLinking C shared library rosidl_generator_py/chatter_interfaces/chatter_interfaces_s__rosidl_typesupport_c.cpython-310-x86_64-linux-gnu.so[0m
[100%] [32m[1mLinking C shared library rosidl_generator_py/chatter_interfaces/chatter_interfaces_s__rosidl_typesupport_fastrtps_c.cpython-310-x86_64-linux-gnu.so[0m
[100%] Built target chatter_interfaces__rosidl_typesupport_c__pyext
[100%] Built target chatter_interfaces__rosidl_typesupport_introspection_c__pyext
[100%] Built target chatter_interfaces__rosidl_typesupport_fastrtps_c__pyext
-- Install configuration: ""
-- Installing: /workspace/src/chatter_interfaces/install/chatter_interfaces/share/ament_index/resource_index/rosidl_interfaces/chatter_interfaces
-- Installing: /workspace/src/chatter_interfaces/install/chatter_interfaces/include/chatter_interfaces/chatter_interfaces
-- Installing: /workspace/src/chatter_interfaces/install/chatter_interfaces/include/chatter_interfaces/chatter_interfaces/msg
-- Installing: /workspace/src/chatter_interfaces/install/chatter_interfaces/include/chatter_interfaces/chatter_interfaces/msg/traffic_chatter_message.h
-- Installing: /workspace/src/chatter_interfaces/install/chatter_interfaces/include/chatter_interfaces/chatter_interfaces/msg/rosidl_generator_c__visibility_control.h
-- Installing: /workspace/src/chatter_interfaces/install/chatter_interfaces/include/chatter_interfaces/chatter_interfaces/msg/detail
-- Installing: /workspace/src/chatter_interfaces/install/chatter_interfaces/include/chatter_interfaces/chatter_interfaces/msg/detail/traffic_chatter_message__functions.c
-- Installing: /workspace/src/chatter_interfaces/install/chatter_interfaces/include/chatter_interfaces/chatter_interfaces/msg/detail/traffic_chatter_message__struct.h
-- Installing: /workspace/src/chatter_interfaces/install/chatter_interfaces/include/chatter_interfaces/chatter_interfaces/msg/detail/traffic_chatter_message__type_support.h
-- Installing: /workspace/src/chatter_interfaces/install/chatter_interfaces/include/chatter_interfaces/chatter_interfaces/msg/detail/traffic_chatter_message__functions.h
-- Installing: /workspace/src/chatter_interfaces/install/chatter_interfaces/share/chatter_interfaces/environment/library_path.sh
-- Installing: /workspace/src/chatter_interfaces/install/chatter_interfaces/share/chatter_interfaces/environment/library_path.dsv
-- Installing: /workspace/src/chatter_interfaces/install/chatter_interfaces/lib/libchatter_interfaces__rosidl_generator_c.so
-- Set runtime path of "/workspace/src/chatter_interfaces/install/chatter_interfaces/lib/libchatter_interfaces__rosidl_generator_c.so" to ""
-- Up-to-date: /workspace/src/chatter_interfaces/install/chatter_interfaces/include/chatter_interfaces/chatter_interfaces
-- Up-to-date: /workspace/src/chatter_interfaces/install/chatter_interfaces/include/chatter_interfaces/chatter_interfaces/msg
-- Installing: /workspace/src/chatter_interfaces/install/chatter_interfaces/include/chatter_interfaces/chatter_interfaces/msg/rosidl_typesupport_fastrtps_c__visibility_control.h
-- Up-to-date: /workspace/src/chatter_interfaces/install/chatter_interfaces/include/chatter_interfaces/chatter_interfaces/msg/detail
-- Installing: /workspace/src/chatter_interfaces/install/chatter_interfaces/include/chatter_interfaces/chatter_interfaces/msg/detail/traffic_chatter_message__rosidl_typesupport_fastrtps_c.h
-- Installing: /workspace/src/chatter_interfaces/install/chatter_interfaces/lib/libchatter_interfaces__rosidl_typesupport_fastrtps_c.so
-- Set runtime path of "/workspace/src/chatter_interfaces/install/chatter_interfaces/lib/libchatter_interfaces__rosidl_typesupport_fastrtps_c.so" to ""
-- Up-to-date: /workspace/src/chatter_interfaces/install/chatter_interfaces/include/chatter_interfaces/chatter_interfaces
-- Up-to-date: /workspace/src/chatter_interfaces/install/chatter_interfaces/include/chatter_interfaces/chatter_interfaces/msg
-- Up-to-date: /workspace/src/chatter_interfaces/install/chatter_interfaces/include/chatter_interfaces/chatter_interfaces/msg/detail
-- Installing: /workspace/src/chatter_interfaces/install/chatter_interfaces/include/chatter_interfaces/chatter_interfaces/msg/detail/traffic_chatter_message__type_support.c
-- Installing: /workspace/src/chatter_interfaces/install/chatter_interfaces/include/chatter_interfaces/chatter_interfaces/msg/detail/traffic_chatter_message__rosidl_typesupport_introspection_c.h
-- Installing: /workspace/src/chatter_interfaces/install/chatter_interfaces/include/chatter_interfaces/chatter_interfaces/msg/rosidl_typesupport_introspection_c__visibility_control.h
-- Installing: /workspace/src/chatter_interfaces/install/chatter_interfaces/lib/libchatter_interfaces__rosidl_typesupport_introspection_c.so
-- Set runtime path of "/workspace/src/chatter_interfaces/install/chatter_interfaces/lib/libchatter_interfaces__rosidl_typesupport_introspection_c.so" to ""
-- Installing: /workspace/src/chatter_interfaces/install/chatter_interfaces/lib/libchatter_interfaces__rosidl_typesupport_c.so
-- Set runtime path of "/workspace/src/chatter_interfaces/install/chatter_interfaces/lib/libchatter_interfaces__rosidl_typesupport_c.so" to ""
-- Up-to-date: /workspace/src/chatter_interfaces/install/chatter_interfaces/include/chatter_interfaces/chatter_interfaces
-- Up-to-date: /workspace/src/chatter_interfaces/install/chatter_interfaces/include/chatter_interfaces/chatter_interfaces/msg
-- Installing: /workspace/src/chatter_interfaces/install/chatter_interfaces/include/chatter_interfaces/chatter_interfaces/msg/traffic_chatter_message.hpp
-- Up-to-date: /workspace/src/chatter_interfaces/install/chatter_interfaces/include/chatter_interfaces/chatter_interfaces/msg/detail
-- Installing: /workspace/src/chatter_interfaces/install/chatter_interfaces/include/chatter_interfaces/chatter_interfaces/msg/detail/traffic_chatter_message__traits.hpp
-- Installing: /workspace/src/chatter_interfaces/install/chatter_interfaces/include/chatter_interfaces/chatter_interfaces/msg/detail/traffic_chatter_message__builder.hpp
-- Installing: /workspace/src/chatter_interfaces/install/chatter_interfaces/include/chatter_interfaces/chatter_interfaces/msg/detail/traffic_chatter_message__struct.hpp
-- Up-to-date: /workspace/src/chatter_interfaces/install/chatter_interfaces/include/chatter_interfaces/chatter_interfaces
-- Up-to-date: /workspace/src/chatter_interfaces/install/chatter_interfaces/include/chatter_interfaces/chatter_interfaces/msg
-- Installing: /workspace/src/chatter_interfaces/install/chatter_interfaces/include/chatter_interfaces/chatter_interfaces/msg/rosidl_typesupport_fastrtps_cpp__visibility_control.h
-- Up-to-date: /workspace/src/chatter_interfaces/install/chatter_interfaces/include/chatter_interfaces/chatter_interfaces/msg/detail
-- Installing: /workspace/src/chatter_interfaces/install/chatter_interfaces/include/chatter_interfaces/chatter_interfaces/msg/detail/traffic_chatter_message__rosidl_typesupport_fastrtps_cpp.hpp
-- Installing: /workspace/src/chatter_interfaces/install/chatter_interfaces/include/chatter_interfaces/chatter_interfaces/msg/detail/dds_fastrtps
-- Installing: /workspace/src/chatter_interfaces/install/chatter_interfaces/lib/libchatter_interfaces__rosidl_typesupport_fastrtps_cpp.so
-- Set runtime path of "/workspace/src/chatter_interfaces/install/chatter_interfaces/lib/libchatter_interfaces__rosidl_typesupport_fastrtps_cpp.so" to ""
-- Up-to-date: /workspace/src/chatter_interfaces/install/chatter_interfaces/include/chatter_interfaces/chatter_interfaces
-- Up-to-date: /workspace/src/chatter_interfaces/install/chatter_interfaces/include/chatter_interfaces/chatter_interfaces/msg
-- Up-to-date: /workspace/src/chatter_interfaces/install/chatter_interfaces/include/chatter_interfaces/chatter_interfaces/msg/detail
-- Installing: /workspace/src/chatter_interfaces/install/chatter_interfaces/include/chatter_interfaces/chatter_interfaces/msg/detail/traffic_chatter_message__rosidl_typesupport_introspection_cpp.hpp
-- Installing: /workspace/src/chatter_interfaces/install/chatter_interfaces/include/chatter_interfaces/chatter_interfaces/msg/detail/traffic_chatter_message__type_support.cpp
-- Installing: /workspace/src/chatter_interfaces/install/chatter_interfaces/lib/libchatter_interfaces__rosidl_typesupport_introspection_cpp.so
-- Set runtime path of "/workspace/src/chatter_interfaces/install/chatter_interfaces/lib/libchatter_interfaces__rosidl_typesupport_introspection_cpp.so" to ""
-- Installing: /workspace/src/chatter_interfaces/install/chatter_interfaces/lib/libchatter_interfaces__rosidl_typesupport_cpp.so
-- Set runtime path of "/workspace/src/chatter_interfaces/install/chatter_interfaces/lib/libchatter_interfaces__rosidl_typesupport_cpp.so" to ""
-- Installing: /workspace/src/chatter_interfaces/install/chatter_interfaces/share/chatter_interfaces/environment/pythonpath.sh
-- Installing: /workspace/src/chatter_interfaces/install/chatter_interfaces/share/chatter_interfaces/environment/pythonpath.dsv
-- Installing: /workspace/src/chatter_interfaces/install/chatter_interfaces/local/lib/python3.10/dist-packages/chatter_interfaces-0.0.0-py3.10.egg-info
-- Installing: /workspace/src/chatter_interfaces/install/chatter_interfaces/local/lib/python3.10/dist-packages/chatter_interfaces-0.0.0-py3.10.egg-info/PKG-INFO
-- Installing: /workspace/src/chatter_interfaces/install/chatter_interfaces/local/lib/python3.10/dist-packages/chatter_interfaces-0.0.0-py3.10.egg-info/dependency_links.txt
-- Installing: /workspace/src/chatter_interfaces/install/chatter_interfaces/local/lib/python3.10/dist-packages/chatter_interfaces-0.0.0-py3.10.egg-info/SOURCES.txt
-- Installing: /workspace/src/chatter_interfaces/install/chatter_interfaces/local/lib/python3.10/dist-packages/chatter_interfaces-0.0.0-py3.10.egg-info/top_level.txt
-- Installing: /workspace/src/chatter_interfaces/install/chatter_interfaces/local/lib/python3.10/dist-packages/chatter_interfaces
-- Installing: /workspace/src/chatter_interfaces/install/chatter_interfaces/local/lib/python3.10/dist-packages/chatter_interfaces/_chatter_interfaces_s.ep.rosidl_typesupport_c.c
-- Installing: /workspace/src/chatter_interfaces/install/chatter_interfaces/local/lib/python3.10/dist-packages/chatter_interfaces/chatter_interfaces_s__rosidl_typesupport_introspection_c.cpython-310-x86_64-linux-gnu.so
-- Installing: /workspace/src/chatter_interfaces/install/chatter_interfaces/local/lib/python3.10/dist-packages/chatter_interfaces/chatter_interfaces_s__rosidl_typesupport_c.cpython-310-x86_64-linux-gnu.so
-- Installing: /workspace/src/chatter_interfaces/install/chatter_interfaces/local/lib/python3.10/dist-packages/chatter_interfaces/msg
-- Installing: /workspace/src/chatter_interfaces/install/chatter_interfaces/local/lib/python3.10/dist-packages/chatter_interfaces/msg/__init__.py
-- Installing: /workspace/src/chatter_interfaces/install/chatter_interfaces/local/lib/python3.10/dist-packages/chatter_interfaces/msg/_traffic_chatter_message_s.c
-- Installing: /workspace/src/chatter_interfaces/install/chatter_interfaces/local/lib/python3.10/dist-packages/chatter_interfaces/msg/_traffic_chatter_message.py
-- Installing: /workspace/src/chatter_interfaces/install/chatter_interfaces/local/lib/python3.10/dist-packages/chatter_interfaces/_chatter_interfaces_s.ep.rosidl_typesupport_fastrtps_c.c
-- Installing: /workspace/src/chatter_interfaces/install/chatter_interfaces/local/lib/python3.10/dist-packages/chatter_interfaces/__init__.py
-- Installing: /workspace/src/chatter_interfaces/install/chatter_interfaces/local/lib/python3.10/dist-packages/chatter_interfaces/libchatter_interfaces__rosidl_generator_py.so
-- Installing: /workspace/src/chatter_interfaces/install/chatter_interfaces/local/lib/python3.10/dist-packages/chatter_interfaces/_chatter_interfaces_s.ep.rosidl_typesupport_introspection_c.c
-- Installing: /workspace/src/chatter_interfaces/install/chatter_interfaces/local/lib/python3.10/dist-packages/chatter_interfaces/chatter_interfaces_s__rosidl_typesupport_fastrtps_c.cpython-310-x86_64-linux-gnu.so
Listing '/workspace/src/chatter_interfaces/install/chatter_interfaces/local/lib/python3.10/dist-packages/chatter_interfaces'...
Compiling '/workspace/src/chatter_interfaces/install/chatter_interfaces/local/lib/python3.10/dist-packages/chatter_interfaces/__init__.py'...
Listing '/workspace/src/chatter_interfaces/install/chatter_interfaces/local/lib/python3.10/dist-packages/chatter_interfaces/msg'...
Compiling '/workspace/src/chatter_interfaces/install/chatter_interfaces/local/lib/python3.10/dist-packages/chatter_interfaces/msg/__init__.py'...
Compiling '/workspace/src/chatter_interfaces/install/chatter_interfaces/local/lib/python3.10/dist-packages/chatter_interfaces/msg/_traffic_chatter_message.py'...
-- Installing: /workspace/src/chatter_interfaces/install/chatter_interfaces/local/lib/python3.10/dist-packages/chatter_interfaces/chatter_interfaces_s__rosidl_typesupport_fastrtps_c.cpython-310-x86_64-linux-gnu.so
-- Set runtime path of "/workspace/src/chatter_interfaces/install/chatter_interfaces/local/lib/python3.10/dist-packages/chatter_interfaces/chatter_interfaces_s__rosidl_typesupport_fastrtps_c.cpython-310-x86_64-linux-gnu.so" to ""
-- Installing: /workspace/src/chatter_interfaces/install/chatter_interfaces/local/lib/python3.10/dist-packages/chatter_interfaces/chatter_interfaces_s__rosidl_typesupport_introspection_c.cpython-310-x86_64-linux-gnu.so
-- Set runtime path of "/workspace/src/chatter_interfaces/install/chatter_interfaces/local/lib/python3.10/dist-packages/chatter_interfaces/chatter_interfaces_s__rosidl_typesupport_introspection_c.cpython-310-x86_64-linux-gnu.so" to ""
-- Installing: /workspace/src/chatter_interfaces/install/chatter_interfaces/local/lib/python3.10/dist-packages/chatter_interfaces/chatter_interfaces_s__rosidl_typesupport_c.cpython-310-x86_64-linux-gnu.so
-- Set runtime path of "/workspace/src/chatter_interfaces/install/chatter_interfaces/local/lib/python3.10/dist-packages/chatter_interfaces/chatter_interfaces_s__rosidl_typesupport_c.cpython-310-x86_64-linux-gnu.so" to ""
-- Installing: /workspace/src/chatter_interfaces/install/chatter_interfaces/lib/libchatter_interfaces__rosidl_generator_py.so
-- Set runtime path of "/workspace/src/chatter_interfaces/install/chatter_interfaces/lib/libchatter_interfaces__rosidl_generator_py.so" to ""
-- Installing: /workspace/src/chatter_interfaces/install/chatter_interfaces/share/chatter_interfaces/msg/TrafficChatterMessage.idl
-- Installing: /workspace/src/chatter_interfaces/install/chatter_interfaces/share/chatter_interfaces/msg/TrafficChatterMessage.msg
-- Installing: /workspace/src/chatter_interfaces/install/chatter_interfaces/share/ament_index/resource_index/package_run_dependencies/chatter_interfaces
-- Installing: /workspace/src/chatter_interfaces/install/chatter_interfaces/share/ament_index/resource_index/parent_prefix_path/chatter_interfaces
-- Installing: /workspace/src/chatter_interfaces/install/chatter_interfaces/share/chatter_interfaces/environment/ament_prefix_path.sh
-- Installing: /workspace/src/chatter_interfaces/install/chatter_interfaces/share/chatter_interfaces/environment/ament_prefix_path.dsv
-- Installing: /workspace/src/chatter_interfaces/install/chatter_interfaces/share/chatter_interfaces/environment/path.sh
-- Installing: /workspace/src/chatter_interfaces/install/chatter_interfaces/share/chatter_interfaces/environment/path.dsv
-- Installing: /workspace/src/chatter_interfaces/install/chatter_interfaces/share/chatter_interfaces/local_setup.bash
-- Installing: /workspace/src/chatter_interfaces/install/chatter_interfaces/share/chatter_interfaces/local_setup.sh
-- Installing: /workspace/src/chatter_interfaces/install/chatter_interfaces/share/chatter_interfaces/local_setup.zsh
-- Installing: /workspace/src/chatter_interfaces/install/chatter_interfaces/share/chatter_interfaces/local_setup.dsv
-- Installing: /workspace/src/chatter_interfaces/install/chatter_interfaces/share/chatter_interfaces/package.dsv
-- Installing: /workspace/src/chatter_interfaces/install/chatter_interfaces/share/ament_index/resource_index/packages/chatter_interfaces
-- Installing: /workspace/src/chatter_interfaces/install/chatter_interfaces/share/chatter_interfaces/cmake/export_chatter_interfaces__rosidl_generator_cExport.cmake
-- Installing: /workspace/src/chatter_interfaces/install/chatter_interfaces/share/chatter_interfaces/cmake/export_chatter_interfaces__rosidl_generator_cExport-noconfig.cmake
-- Installing: /workspace/src/chatter_interfaces/install/chatter_interfaces/share/chatter_interfaces/cmake/export_chatter_interfaces__rosidl_typesupport_fastrtps_cExport.cmake
-- Installing: /workspace/src/chatter_interfaces/install/chatter_interfaces/share/chatter_interfaces/cmake/export_chatter_interfaces__rosidl_typesupport_fastrtps_cExport-noconfig.cmake
-- Installing: /workspace/src/chatter_interfaces/install/chatter_interfaces/share/chatter_interfaces/cmake/chatter_interfaces__rosidl_typesupport_introspection_cExport.cmake
-- Installing: /workspace/src/chatter_interfaces/install/chatter_interfaces/share/chatter_interfaces/cmake/chatter_interfaces__rosidl_typesupport_introspection_cExport-noconfig.cmake
-- Installing: /workspace/src/chatter_interfaces/install/chatter_interfaces/share/chatter_interfaces/cmake/chatter_interfaces__rosidl_typesupport_cExport.cmake
-- Installing: /workspace/src/chatter_interfaces/install/chatter_interfaces/share/chatter_interfaces/cmake/chatter_interfaces__rosidl_typesupport_cExport-noconfig.cmake
-- Installing: /workspace/src/chatter_interfaces/install/chatter_interfaces/share/chatter_interfaces/cmake/export_chatter_interfaces__rosidl_generator_cppExport.cmake
-- Installing: /workspace/src/chatter_interfaces/install/chatter_interfaces/share/chatter_interfaces/cmake/export_chatter_interfaces__rosidl_typesupport_fastrtps_cppExport.cmake
-- Installing: /workspace/src/chatter_interfaces/install/chatter_interfaces/share/chatter_interfaces/cmake/export_chatter_interfaces__rosidl_typesupport_fastrtps_cppExport-noconfig.cmake
-- Installing: /workspace/src/chatter_interfaces/install/chatter_interfaces/share/chatter_interfaces/cmake/chatter_interfaces__rosidl_typesupport_introspection_cppExport.cmake
-- Installing: /workspace/src/chatter_interfaces/install/chatter_interfaces/share/chatter_interfaces/cmake/chatter_interfaces__rosidl_typesupport_introspection_cppExport-noconfig.cmake
-- Installing: /workspace/src/chatter_interfaces/install/chatter_interfaces/share/chatter_interfaces/cmake/chatter_interfaces__rosidl_typesupport_cppExport.cmake
-- Installing: /workspace/src/chatter_interfaces/install/chatter_interfaces/share/chatter_interfaces/cmake/chatter_interfaces__rosidl_typesupport_cppExport-noconfig.cmake
-- Installing: /workspace/src/chatter_interfaces/install/chatter_interfaces/share/chatter_interfaces/cmake/export_chatter_interfaces__rosidl_generator_pyExport.cmake
-- Installing: /workspace/src/chatter_interfaces/install/chatter_interfaces/share/chatter_interfaces/cmake/export_chatter_interfaces__rosidl_generator_pyExport-noconfig.cmake
-- Installing: /workspace/src/chatter_interfaces/install/chatter_interfaces/share/chatter_interfaces/cmake/rosidl_cmake-extras.cmake
-- Installing: /workspace/src/chatter_interfaces/install/chatter_interfaces/share/chatter_interfaces/cmake/ament_cmake_export_include_directories-extras.cmake
-- Installing: /workspace/src/chatter_interfaces/install/chatter_interfaces/share/chatter_interfaces/cmake/ament_cmake_export_libraries-extras.cmake
-- Installing: /workspace/src/chatter_interfaces/install/chatter_interfaces/share/chatter_interfaces/cmake/ament_cmake_export_targets-extras.cmake
-- Installing: /workspace/src/chatter_interfaces/install/chatter_interfaces/share/chatter_interfaces/cmake/rosidl_cmake_export_typesupport_targets-extras.cmake
-- Installing: /workspace/src/chatter_interfaces/install/chatter_interfaces/share/chatter_interfaces/cmake/ament_cmake_export_dependencies-extras.cmake
-- Installing: /workspace/src/chatter_interfaces/install/chatter_interfaces/share/chatter_interfaces/cmake/rosidl_cmake_export_typesupport_libraries-extras.cmake
-- Installing: /workspace/src/chatter_interfaces/install/chatter_interfaces/share/chatter_interfaces/cmake/chatter_interfacesConfig.cmake
-- Installing: /workspace/src/chatter_interfaces/install/chatter_interfaces/share/chatter_interfaces/cmake/chatter_interfacesConfig-version.cmake
-- Installing: /workspace/src/chatter_interfaces/install/chatter_interfaces/share/chatter_interfaces/package.xml
